<?xml version="1.0" encoding="UTF-8"?>
<!-- Generated by org.testng.reporters.JUnitXMLReporter -->
<testsuite ignored="0" hostname="MSI" failures="0" tests="4" name="Default test" time="416.943" errors="0" timestamp="2025-05-30T15:42:27 IST">
  <testcase classname="com.selenium.practice.test.start_to_end.StartToEnd" name="endToEndTestCase" time="75.492"/>
  <testcase classname="com.selenium.practice.test.start_to_end.StartToEnd" name="searchedProductsTestCase" time="93.581"/>
  <testcase classname="com.selenium.practice.test.start_to_end.StartToEnd" name="tryingToOrderAfterRegistering" time="102.428"/>
  <testcase classname="com.selenium.practice.test.start_to_end.StartToEnd" name="tryingToOrderWithoutRegisteringTestCase" time="102.752"/>
</testsuite> <!-- Default test -->
