<html>
<head>
<title>TestNG:  Default test</title>
<link href="../testng.css" rel="stylesheet" type="text/css" />
<link href="../my-testng.css" rel="stylesheet" type="text/css" />

<style type="text/css">
.log { display: none;} 
.stack-trace { display: none;} 
</style>
<script type="text/javascript">
<!--
function flip(e) {
  current = e.style.display;
  if (current == 'block') {
    e.style.display = 'none';
    return 0;
  }
  else {
    e.style.display = 'block';
    return 1;
  }
}

function toggleBox(szDivId, elem, msg1, msg2)
{
  var res = -1;  if (document.getElementById) {
    res = flip(document.getElementById(szDivId));
  }
  else if (document.all) {
    // this is the way old msie versions work
    res = flip(document.all[szDivId]);
  }
  if(elem) {
    if(res == 0) elem.innerHTML = msg1; else elem.innerHTML = msg2;
  }

}

function toggleAllBoxes() {
  if (document.getElementsByTagName) {
    d = document.getElementsByTagName('div');
    for (i = 0; i < d.length; i++) {
      if (d[i].className == 'log') {
        flip(d[i]);
      }
    }
  }
}

// -->
</script>

</head>
<body>
<h2 align='center'>Default test</h2><table border='1' align="center">
<tr>
<td>Tests passed/Failed/Skipped:</td><td>7/1/0</td>
</tr><tr>
<td>Started on:</td><td>Wed Jun 04 14:18:54 IST 2025</td>
</tr>
<tr><td>Total time:</td><td>724 seconds (724608 ms)</td>
</tr><tr>
<td>Included groups:</td><td></td>
</tr><tr>
<td>Excluded groups:</td><td></td>
</tr>
</table><p/>
<small><i>(Hover the method name to see the test class name)</i></small><p/>
<table width='100%' border='1' class='invocation-failed'>
<tr><td colspan='4' align='center'><b>FAILED TESTS</b></td></tr>
<tr><td><b>Test method</b></td>
<td><b>Attribute(s)</b></td>
<td width="30%"><b>Exception</b></td>
<td width="10%"><b>Time (seconds)</b></td>
<td><b>Instance</b></td>
</tr>
<tr>
<td title='com.selenium.practice.test.cucumbertests.TestNGRunnerForProductOrdering.runScenario()'><b>runScenario</b><br>Test class: com.selenium.practice.test.cucumbertests.TestNGRunnerForProductOrdering<br>Test method: Runs Cucumber Scenarios<br>Parameters: "Trying to order products without registering", "Product Ordering Functionality"</td>
<td><div><pre>org.openqa.selenium.ElementClickInterceptedException: element click intercepted: Element &lt;input type=&quot;checkbox&quot; name=&quot;optin&quot; id=&quot;optin&quot; value=&quot;1&quot;&gt; is not clickable at point (295, 705). Other element would receive the click: &lt;iframe id=&quot;aswift_1&quot; name=&quot;aswift_1&quot; browsingtopics=&quot;true&quot; style=&quot;width: 1521px !important; height: 217px !important; display: block; margin: 0px auto;&quot; sandbox=&quot;allow-forms allow-popups allow-popups-to-escape-sandbox allow-same-origin allow-scripts allow-top-navigation-by-user-activation&quot; width=&quot;1521&quot; height=&quot;217&quot; frameborder=&quot;0&quot; marginwidth=&quot;0&quot; marginheight=&quot;0&quot; vspace=&quot;0&quot; hspace=&quot;0&quot; allowtransparency=&quot;true&quot; scrolling=&quot;no&quot; allow=&quot;attribution-reporting; run-ad-auction&quot; src=&quot;https://googleads.g.doubleclick.net/pagead/html/r20250602/r20190131/zrt_lookup_fy2021.html#RS-0-&amp;amp;adk=1812271801&amp;amp;client=ca-pub-1677597403311019&amp;amp;fa=1&amp;amp;ifi=2&amp;amp;uci=a!2&amp;amp;btvi=1&quot; data-google-container-id=&quot;a!2&quot; tabindex=&quot;0&quot; title=&quot;Advertisement&quot; aria-label=&quot;Advertisement&quot; data-google-query-id=&quot;COWNtrSy140DFV0BgwMdnQ4xDw&quot; data-load-complete=&quot;true&quot;&gt;&lt;/iframe&gt;
  (Session info: chrome=137.0.7151.56)
Build info: version: &apos;4.31.0&apos;, revision: &apos;1ef9f18787*&apos;
System info: os.name: &apos;Windows 10&apos;, os.arch: &apos;amd64&apos;, os.version: &apos;10.0&apos;, java.version: &apos;21.0.5&apos;
Driver info: org.openqa.selenium.chrome.ChromeDriver
Command: [8329b38f820751ac036aee53004add04, clickElement {id=f.E6FE8DADD5D12F32C38F70145BCA0A82.d.A76B5E9455B90F1F9C3FD5FF07E1C968.e.264}]
Capabilities {acceptInsecureCerts: false, browserName: chrome, browserVersion: 137.0.7151.56, chrome: {chromedriverVersion: 137.0.7151.68 (2989ffee9373..., userDataDir: C:\Users\MRSha\AppData\Loca...}, fedcm:accounts: true, goog:chromeOptions: {debuggerAddress: localhost:56668}, networkConnectionEnabled: false, pageLoadStrategy: normal, platformName: windows, proxy: Proxy(), se:cdp: ws://localhost:56668/devtoo..., se:cdpVersion: 137.0.7151.56, setWindowRect: true, strictFileInteractability: false, timeouts: {implicit: 0, pageLoad: 300000, script: 30000}, unhandledPromptBehavior: dismiss and notify, webauthn:extension:credBlob: true, webauthn:extension:largeBlob: true, webauthn:extension:minPinLength: true, webauthn:extension:prf: true, webauthn:virtualAuthenticators: true}
Element: [[ChromeDriver: chrome on windows (8329b38f820751ac036aee53004add04)] -&gt; css selector: input#optin]
Session ID: 8329b38f820751ac036aee53004add04
	at java.base/jdk.internal.reflect.DirectConstructorHandleAccessor.newInstance(DirectConstructorHandleAccessor.java:62)
	at java.base/java.lang.reflect.Constructor.newInstanceWithCaller(Constructor.java:502)
	at java.base/java.lang.reflect.Constructor.newInstance(Constructor.java:486)
	at org.openqa.selenium.remote.ErrorCodec.decode(ErrorCodec.java:167)
	at org.openqa.selenium.remote.codec.w3c.W3CHttpResponseCodec.decode(W3CHttpResponseCodec.java:138)
	at org.openqa.selenium.remote.codec.w3c.W3CHttpResponseCodec.decode(W3CHttpResponseCodec.java:50)
	at org.openqa.selenium.remote.HttpCommandExecutor.execute(HttpCommandExecutor.java:215)
	at org.openqa.selenium.remote.service.DriverCommandExecutor.invokeExecute(DriverCommandExecutor.java:216)
	at org.openqa.selenium.remote.service.DriverCommandExecutor.execute(DriverCommandExecutor.java:174)
	at org.openqa.selenium.remote.RemoteWebDriver.execute(RemoteWebDriver.java:545)
	at org.openqa.selenium.remote.RemoteWebElement.execute(RemoteWebElement.java:223)
	at org.openqa.selenium.remote.RemoteWebElement.click(RemoteWebElement.java:76)
	at java.base/jdk.internal.reflect.DirectMethodHandleAccessor.invoke(DirectMethodHandleAccessor.java:103)
	at java.base/java.lang.reflect.Method.invoke(Method.java:580)
	at org.openqa.selenium.support.pagefactory.internal.LocatingElementHandler.invoke(LocatingElementHandler.java:51)
	at jdk.proxy2/jdk.proxy2.$Proxy25.click(Unknown Source)
	at com.selenium.practice.test.sign_up.SignUpTest.signingUp(SignUpTest.java:149)
	at com.selenium.practice.test.stepdefinitions.StepDefinitionsForOrderingProductsTestCase.going_to_cart_and_checking_out_without_registering(StepDefinitionsForOrderingProductsTestCase.java:90)
	at ✽.I go to the cart page and try to checkout without registering, I am asked to register, so I go register(file:///C:/Users/MRSha/selenium-workspace/AutomatingECommerceWebsite/src/test/java/com/selenium/practice/test/cucumbertests/OrderingProductsTestCases.feature:43)
</pre></div><a href='#' onClick='toggleBox("stack-trace1690803049", this, "Click to show all stack frames", "Click to hide stack frames")'>Click to show all stack frames</a>
<div class='stack-trace' id='stack-trace1690803049'><pre>org.openqa.selenium.ElementClickInterceptedException: element click intercepted: Element &lt;input type=&quot;checkbox&quot; name=&quot;optin&quot; id=&quot;optin&quot; value=&quot;1&quot;&gt; is not clickable at point (295, 705). Other element would receive the click: &lt;iframe id=&quot;aswift_1&quot; name=&quot;aswift_1&quot; browsingtopics=&quot;true&quot; style=&quot;width: 1521px !important; height: 217px !important; display: block; margin: 0px auto;&quot; sandbox=&quot;allow-forms allow-popups allow-popups-to-escape-sandbox allow-same-origin allow-scripts allow-top-navigation-by-user-activation&quot; width=&quot;1521&quot; height=&quot;217&quot; frameborder=&quot;0&quot; marginwidth=&quot;0&quot; marginheight=&quot;0&quot; vspace=&quot;0&quot; hspace=&quot;0&quot; allowtransparency=&quot;true&quot; scrolling=&quot;no&quot; allow=&quot;attribution-reporting; run-ad-auction&quot; src=&quot;https://googleads.g.doubleclick.net/pagead/html/r20250602/r20190131/zrt_lookup_fy2021.html#RS-0-&amp;amp;adk=1812271801&amp;amp;client=ca-pub-1677597403311019&amp;amp;fa=1&amp;amp;ifi=2&amp;amp;uci=a!2&amp;amp;btvi=1&quot; data-google-container-id=&quot;a!2&quot; tabindex=&quot;0&quot; title=&quot;Advertisement&quot; aria-label=&quot;Advertisement&quot; data-google-query-id=&quot;COWNtrSy140DFV0BgwMdnQ4xDw&quot; data-load-complete=&quot;true&quot;&gt;&lt;/iframe&gt;
  (Session info: chrome=137.0.7151.56)
Build info: version: &apos;4.31.0&apos;, revision: &apos;1ef9f18787*&apos;
System info: os.name: &apos;Windows 10&apos;, os.arch: &apos;amd64&apos;, os.version: &apos;10.0&apos;, java.version: &apos;21.0.5&apos;
Driver info: org.openqa.selenium.chrome.ChromeDriver
Command: [8329b38f820751ac036aee53004add04, clickElement {id=f.E6FE8DADD5D12F32C38F70145BCA0A82.d.A76B5E9455B90F1F9C3FD5FF07E1C968.e.264}]
Capabilities {acceptInsecureCerts: false, browserName: chrome, browserVersion: 137.0.7151.56, chrome: {chromedriverVersion: 137.0.7151.68 (2989ffee9373..., userDataDir: C:\Users\MRSha\AppData\Loca...}, fedcm:accounts: true, goog:chromeOptions: {debuggerAddress: localhost:56668}, networkConnectionEnabled: false, pageLoadStrategy: normal, platformName: windows, proxy: Proxy(), se:cdp: ws://localhost:56668/devtoo..., se:cdpVersion: 137.0.7151.56, setWindowRect: true, strictFileInteractability: false, timeouts: {implicit: 0, pageLoad: 300000, script: 30000}, unhandledPromptBehavior: dismiss and notify, webauthn:extension:credBlob: true, webauthn:extension:largeBlob: true, webauthn:extension:minPinLength: true, webauthn:extension:prf: true, webauthn:virtualAuthenticators: true}
Element: [[ChromeDriver: chrome on windows (8329b38f820751ac036aee53004add04)] -&gt; css selector: input#optin]
Session ID: 8329b38f820751ac036aee53004add04
	at java.base/jdk.internal.reflect.DirectConstructorHandleAccessor.newInstance(DirectConstructorHandleAccessor.java:62)
	at java.base/java.lang.reflect.Constructor.newInstanceWithCaller(Constructor.java:502)
	at java.base/java.lang.reflect.Constructor.newInstance(Constructor.java:486)
	at org.openqa.selenium.remote.ErrorCodec.decode(ErrorCodec.java:167)
	at org.openqa.selenium.remote.codec.w3c.W3CHttpResponseCodec.decode(W3CHttpResponseCodec.java:138)
	at org.openqa.selenium.remote.codec.w3c.W3CHttpResponseCodec.decode(W3CHttpResponseCodec.java:50)
	at org.openqa.selenium.remote.HttpCommandExecutor.execute(HttpCommandExecutor.java:215)
	at org.openqa.selenium.remote.service.DriverCommandExecutor.invokeExecute(DriverCommandExecutor.java:216)
	at org.openqa.selenium.remote.service.DriverCommandExecutor.execute(DriverCommandExecutor.java:174)
	at org.openqa.selenium.remote.RemoteWebDriver.execute(RemoteWebDriver.java:545)
	at org.openqa.selenium.remote.RemoteWebElement.execute(RemoteWebElement.java:223)
	at org.openqa.selenium.remote.RemoteWebElement.click(RemoteWebElement.java:76)
	at java.base/jdk.internal.reflect.DirectMethodHandleAccessor.invoke(DirectMethodHandleAccessor.java:103)
	at java.base/java.lang.reflect.Method.invoke(Method.java:580)
	at org.openqa.selenium.support.pagefactory.internal.LocatingElementHandler.invoke(LocatingElementHandler.java:51)
	at jdk.proxy2/jdk.proxy2.$Proxy25.click(Unknown Source)
	at com.selenium.practice.test.sign_up.SignUpTest.signingUp(SignUpTest.java:149)
	at com.selenium.practice.test.stepdefinitions.StepDefinitionsForOrderingProductsTestCase.going_to_cart_and_checking_out_without_registering(StepDefinitionsForOrderingProductsTestCase.java:90)
	at ✽.I go to the cart page and try to checkout without registering, I am asked to register, so I go register(file:///C:/Users/MRSha/selenium-workspace/AutomatingECommerceWebsite/src/test/java/com/selenium/practice/test/cucumbertests/OrderingProductsTestCases.feature:43)
</pre></div></td>
<td>115</td>
<td>com.selenium.practice.test.cucumbertests.TestNGRunnerForProductOrdering@26794848</td></tr>
</table><p>
<table width='100%' border='1' class='invocation-passed'>
<tr><td colspan='4' align='center'><b>PASSED TESTS</b></td></tr>
<tr><td><b>Test method</b></td>
<td><b>Attribute(s)</b></td>
<td width="30%"><b>Exception</b></td>
<td width="10%"><b>Time (seconds)</b></td>
<td><b>Instance</b></td>
</tr>
<tr>
<td title='com.selenium.practice.test.cucumbertests.TestNGRunnerForProductOrdering.runScenario()'><b>runScenario</b><br>Test class: com.selenium.practice.test.cucumbertests.TestNGRunnerForProductOrdering<br>Test method: Runs Cucumber Scenarios<br>Parameters: "Trying to order products", "Product Ordering Functionality"</td>
<td></td>
<td>87</td>
<td>com.selenium.practice.test.cucumbertests.TestNGRunnerForProductOrdering@26794848</td></tr>
<tr>
<td title='com.selenium.practice.test.cucumbertests.TestNGRunnerForProductOrdering.runScenario()'><b>runScenario</b><br>Test class: com.selenium.practice.test.cucumbertests.TestNGRunnerForProductOrdering<br>Test method: Runs Cucumber Scenarios<br>Parameters: "Trying to order products", "Product Ordering Functionality"</td>
<td></td>
<td>83</td>
<td>com.selenium.practice.test.cucumbertests.TestNGRunnerForProductOrdering@26794848</td></tr>
<tr>
<td title='com.selenium.practice.test.cucumbertests.TestNGRunnerForProductOrdering.runScenario()'><b>runScenario</b><br>Test class: com.selenium.practice.test.cucumbertests.TestNGRunnerForProductOrdering<br>Test method: Runs Cucumber Scenarios<br>Parameters: "Trying to order Searched products", "Product Ordering Functionality"</td>
<td></td>
<td>90</td>
<td>com.selenium.practice.test.cucumbertests.TestNGRunnerForProductOrdering@26794848</td></tr>
<tr>
<td title='com.selenium.practice.test.cucumbertests.TestNGRunnerForProductOrdering.runScenario()'><b>runScenario</b><br>Test class: com.selenium.practice.test.cucumbertests.TestNGRunnerForProductOrdering<br>Test method: Runs Cucumber Scenarios<br>Parameters: "Trying to order Searched products", "Product Ordering Functionality"</td>
<td></td>
<td>85</td>
<td>com.selenium.practice.test.cucumbertests.TestNGRunnerForProductOrdering@26794848</td></tr>
<tr>
<td title='com.selenium.practice.test.cucumbertests.TestNGRunnerForProductOrdering.runScenario()'><b>runScenario</b><br>Test class: com.selenium.practice.test.cucumbertests.TestNGRunnerForProductOrdering<br>Test method: Runs Cucumber Scenarios<br>Parameters: "Trying to order products", "Product Ordering Functionality"</td>
<td></td>
<td>77</td>
<td>com.selenium.practice.test.cucumbertests.TestNGRunnerForProductOrdering@26794848</td></tr>
<tr>
<td title='com.selenium.practice.test.cucumbertests.TestNGRunnerForProductOrdering.runScenario()'><b>runScenario</b><br>Test class: com.selenium.practice.test.cucumbertests.TestNGRunnerForProductOrdering<br>Test method: Runs Cucumber Scenarios<br>Parameters: "Trying to order Searched products", "Product Ordering Functionality"</td>
<td></td>
<td>95</td>
<td>com.selenium.practice.test.cucumbertests.TestNGRunnerForProductOrdering@26794848</td></tr>
<tr>
<td title='com.selenium.practice.test.cucumbertests.TestNGRunnerForProductOrdering.runScenario()'><b>runScenario</b><br>Test class: com.selenium.practice.test.cucumbertests.TestNGRunnerForProductOrdering<br>Test method: Runs Cucumber Scenarios<br>Parameters: "Trying to order products after registering", "Product Ordering Functionality"</td>
<td></td>
<td>87</td>
<td>com.selenium.practice.test.cucumbertests.TestNGRunnerForProductOrdering@26794848</td></tr>
</table><p>
</body>
</html>