<?xml version="1.0" encoding="UTF-8"?>
<!-- Generated by org.testng.reporters.JUnitXMLReporter -->
<testsuite ignored="0" hostname="MSI" failures="0" tests="5" name="Login-Test" time="175.213" errors="0" timestamp="2025-05-28T12:43:26 IST">
  <testcase classname="com.selenium.practice.test.loginpage.LoginPageTestCases" name="logoutTestCase" time="23.022"/>
  <testcase classname="com.selenium.practice.test.loginpage.LoginPageTestCases" name="registeringWithExistingUserTestCase" time="7.545"/>
  <testcase classname="com.selenium.practice.test.loginpage.LoginPageTestCases" name="signInTestCase" time="28.477"/>
  <testcase classname="com.selenium.practice.test.loginpage.LoginPageTestCases" name="signUpTestCase" time="41.118"/>
  <testcase classname="com.selenium.practice.test.loginpage.LoginPageTestCases" name="wrongCredentialSignInTestCase" time="8.929"/>
</testsuite> <!-- Login-Test -->
