<?xml version="1.0" encoding="UTF-8"?>
<!-- Generated by org.testng.reporters.JUnitXMLReporter -->
<testsuite ignored="0" hostname="MSI" failures="0" tests="26" name="Test" time="1681.041" errors="0" timestamp="2025-05-28T13:29:59 IST">
  <testcase classname="com.selenium.practice.test.start_to_end.StartToEnd" name="endToEndTestCase" time="90.413"/>
  <testcase classname="com.selenium.practice.test.start_to_end.StartToEnd" name="searchedProductsTestCase" time="92.804"/>
  <testcase classname="com.selenium.practice.test.start_to_end.StartToEnd" name="tryingToOrderAfterRegistering" time="84.914">
    <skipped/>
  </testcase> <!-- tryingToOrderAfterRegistering -->
  <testcase classname="com.selenium.practice.test.start_to_end.StartToEnd" name="tryingToOrderAfterRegistering" time="213.913"/>
  <testcase classname="com.selenium.practice.test.start_to_end.StartToEnd" name="tryingToOrderWithoutRegisteringTestCase" time="125.561"/>
  <testcase classname="com.selenium.practice.test.cartpage.CartPageTestCases" name="removingProductsFromCartTestCase" time="48.611"/>
  <testcase classname="com.selenium.practice.test.cartpage.CartPageTestCases" name="subscriptionVerification" time="7.515"/>
  <testcase classname="com.selenium.practice.test.cartpage.CartPageTestCases" name="verfyingProductsInCart" time="43.284"/>
  <testcase classname="com.selenium.practice.test.cartpage.CartPageTestCases" name="verifyingProductQuantityTestCase" time="31.728"/>
  <testcase classname="com.selenium.practice.test.checkoutpage.CheckOutPageTestCases" name="checkingUsersDetailsAfterSigningUpTestCase" time="114.101"/>
  <testcase classname="com.selenium.practice.test.checkoutpage.CheckOutPageTestCases" name="downloadingInvoiceAfterPurchase" time="118.615"/>
  <testcase classname="com.selenium.practice.test.contactuspage.ContactUsPageTestCases" name="contactUsFormTestCase" time="18.844"/>
  <testcase classname="com.selenium.practice.test.homePage.HomePageTestCases" name="scrollingUpUsingUpArrowButtonOnScreenTestCase" time="7.941"/>
  <testcase classname="com.selenium.practice.test.homePage.HomePageTestCases" name="scrollingUpWithoutUpArrowButtonOnScreenTestCase" time="7.164"/>
  <testcase classname="com.selenium.practice.test.homePage.HomePageTestCases" name="verifyingSubscriptionTestCase" time="5.778"/>
  <testcase classname="com.selenium.practice.test.loginpage.LoginPageTestCases" name="logoutTestCase" time="18.165"/>
  <testcase classname="com.selenium.practice.test.loginpage.LoginPageTestCases" name="registeringWithExistingUserTestCase" time="10.035"/>
  <testcase classname="com.selenium.practice.test.loginpage.LoginPageTestCases" name="signInTestCase" time="26.968"/>
  <testcase classname="com.selenium.practice.test.loginpage.LoginPageTestCases" name="signUpTestCase" time="81.361"/>
  <testcase classname="com.selenium.practice.test.loginpage.LoginPageTestCases" name="wrongCredentialSignInTestCase" time="3.219"/>
  <testcase classname="com.selenium.practice.test.productpage.ProductPageTestCases" name="productSearchBoxTestCase" time="22.261"/>
  <testcase classname="com.selenium.practice.test.productpage.ProductPageTestCases" name="verifyingProductBrandCategorizationTestCase" time="88.899"/>
  <testcase classname="com.selenium.practice.test.productpage.ProductPageTestCases" name="verifyingProductCategoriesTestCase" time="26.922"/>
  <testcase classname="com.selenium.practice.test.productpage.ProductPageTestCases" name="viewProductTestCase" time="18.387"/>
  <testcase classname="com.selenium.practice.test.productpage.ProductPageTestCases" name="writingReviewTestCase" time="23.236"/>
  <testcase classname="com.selenium.practice.test.testcasespage.TestCasesPage_TestCases" name="pageLandingVerificationTestCase" time="8.99"/>
</testsuite> <!-- Test -->
