<?xml version="1.0" encoding="UTF-8"?>
<testng-results ignored="0" total="4" passed="3" failed="1" skipped="0">
  <reporter-output>
  </reporter-output>
  <suite started-at="2025-05-30T15:53:46 IST" name="Suite" finished-at="2025-05-30T16:00:25 IST" duration-ms="398636">
    <groups>
    </groups>
    <test started-at="2025-05-30T15:53:46 IST" name="Test" finished-at="2025-05-30T16:00:25 IST" duration-ms="398636">
      <class name="com.selenium.practice.test.start_to_end.StartToEnd">
        <test-method is-config="true" signature="launchApplication()[pri:0, instance:com.selenium.practice.test.start_to_end.StartToEnd@23e84203]" started-at="2025-05-30T15:53:46 IST" name="launchApplication" finished-at="2025-05-30T15:54:04 IST" duration-ms="18069" status="PASS">
          <reporter-output>
          </reporter-output>
        </test-method> <!-- launchApplication -->
        <test-method signature="endToEndTestCase(java.lang.String)[pri:0, instance:com.selenium.practice.test.start_to_end.StartToEnd@23e84203]" started-at="2025-05-30T15:54:04 IST" name="endToEndTestCase" data-provider="getData" finished-at="2025-05-30T15:55:26 IST" duration-ms="81825" status="PASS">
          <params>
            <param index="0">
              <value>
                <![CDATA[ivanka tame]]>
              </value>
            </param>
          </params>
          <reporter-output>
          </reporter-output>
        </test-method> <!-- endToEndTestCase -->
        <test-method is-config="true" signature="browserKiller()[pri:0, instance:com.selenium.practice.test.start_to_end.StartToEnd@23e84203]" started-at="2025-05-30T15:55:26 IST" name="browserKiller" finished-at="2025-05-30T15:55:28 IST" duration-ms="1319" status="PASS">
          <reporter-output>
          </reporter-output>
        </test-method> <!-- browserKiller -->
        <test-method is-config="true" signature="launchApplication()[pri:0, instance:com.selenium.practice.test.start_to_end.StartToEnd@23e84203]" started-at="2025-05-30T15:55:28 IST" name="launchApplication" finished-at="2025-05-30T15:55:38 IST" duration-ms="10605" status="PASS">
          <reporter-output>
          </reporter-output>
        </test-method> <!-- launchApplication -->
        <test-method signature="searchedProductsTestCase(java.lang.String)[pri:0, instance:com.selenium.practice.test.start_to_end.StartToEnd@23e84203]" started-at="2025-05-30T15:55:38 IST" name="searchedProductsTestCase" data-provider="getData" finished-at="2025-05-30T15:56:58 IST" duration-ms="79636" status="PASS">
          <params>
            <param index="0">
              <value>
                <![CDATA[ivanka tame]]>
              </value>
            </param>
          </params>
          <reporter-output>
          </reporter-output>
        </test-method> <!-- searchedProductsTestCase -->
        <test-method is-config="true" signature="browserKiller()[pri:0, instance:com.selenium.practice.test.start_to_end.StartToEnd@23e84203]" started-at="2025-05-30T15:56:58 IST" name="browserKiller" finished-at="2025-05-30T15:56:59 IST" duration-ms="1223" status="PASS">
          <reporter-output>
          </reporter-output>
        </test-method> <!-- browserKiller -->
        <test-method is-config="true" signature="launchApplication()[pri:0, instance:com.selenium.practice.test.start_to_end.StartToEnd@23e84203]" started-at="2025-05-30T15:56:59 IST" name="launchApplication" finished-at="2025-05-30T15:57:07 IST" duration-ms="8422" status="PASS">
          <reporter-output>
          </reporter-output>
        </test-method> <!-- launchApplication -->
        <test-method signature="tryingToOrderAfterRegistering()[pri:0, instance:com.selenium.practice.test.start_to_end.StartToEnd@23e84203]" started-at="2025-05-30T15:57:07 IST" name="tryingToOrderAfterRegistering" finished-at="2025-05-30T15:58:32 IST" duration-ms="84195" status="PASS">
          <reporter-output>
          </reporter-output>
        </test-method> <!-- tryingToOrderAfterRegistering -->
        <test-method is-config="true" signature="browserKiller()[pri:0, instance:com.selenium.practice.test.start_to_end.StartToEnd@23e84203]" started-at="2025-05-30T15:58:32 IST" name="browserKiller" finished-at="2025-05-30T15:58:33 IST" duration-ms="1302" status="PASS">
          <reporter-output>
          </reporter-output>
        </test-method> <!-- browserKiller -->
        <test-method is-config="true" signature="launchApplication()[pri:0, instance:com.selenium.practice.test.start_to_end.StartToEnd@23e84203]" started-at="2025-05-30T15:58:33 IST" name="launchApplication" finished-at="2025-05-30T15:58:40 IST" duration-ms="7517" status="PASS">
          <reporter-output>
          </reporter-output>
        </test-method> <!-- launchApplication -->
        <test-method signature="tryingToOrderWithoutRegisteringTestCase()[pri:0, instance:com.selenium.practice.test.start_to_end.StartToEnd@23e84203]" started-at="2025-05-30T15:58:40 IST" name="tryingToOrderWithoutRegisteringTestCase" finished-at="2025-05-30T16:00:23 IST" duration-ms="102942" status="FAIL">
          <exception class="org.openqa.selenium.NoSuchElementException">
            <message>
              <![CDATA[no such element: Unable to locate element: {"method":"css selector","selector":"h2.title b"}
  (Session info: MicrosoftEdge=136.0.3240.92)
For documentation on this error, please visit: https://www.selenium.dev/documentation/webdriver/troubleshooting/errors#no-such-element-exception
Build info: version: '4.31.0', revision: '1ef9f18787*'
System info: os.name: 'Windows 10', os.arch: 'amd64', os.version: '10.0', java.version: '21.0.5'
Driver info: org.openqa.selenium.edge.EdgeDriver
Command: [3dcc1065564d656e6b53ebf572b32e74, findElement {using=css selector, value=h2.title b}]
Capabilities {acceptInsecureCerts: false, browserName: MicrosoftEdge, browserVersion: 136.0.3240.92, fedcm:accounts: true, ms:edgeOptions: {debuggerAddress: localhost:57603}, msedge: {msedgedriverVersion: 136.0.3240.104 (6a705373902..., userDataDir: C:\Users\MRSha\AppData\Loca...}, networkConnectionEnabled: false, pageLoadStrategy: normal, platformName: windows, proxy: Proxy(), se:cdp: ws://localhost:57603/devtoo..., se:cdpVersion: 136.0.3240.92, setWindowRect: true, strictFileInteractability: false, timeouts: {implicit: 0, pageLoad: 300000, script: 30000}, unhandledPromptBehavior: dismiss and notify, webauthn:extension:credBlob: true, webauthn:extension:largeBlob: true, webauthn:extension:minPinLength: true, webauthn:extension:prf: true, webauthn:virtualAuthenticators: true}
Session ID: 3dcc1065564d656e6b53ebf572b32e74]]>
            </message>
            <full-stacktrace>
              <![CDATA[org.openqa.selenium.NoSuchElementException: no such element: Unable to locate element: {"method":"css selector","selector":"h2.title b"}
  (Session info: MicrosoftEdge=136.0.3240.92)
For documentation on this error, please visit: https://www.selenium.dev/documentation/webdriver/troubleshooting/errors#no-such-element-exception
Build info: version: '4.31.0', revision: '1ef9f18787*'
System info: os.name: 'Windows 10', os.arch: 'amd64', os.version: '10.0', java.version: '21.0.5'
Driver info: org.openqa.selenium.edge.EdgeDriver
Command: [3dcc1065564d656e6b53ebf572b32e74, findElement {using=css selector, value=h2.title b}]
Capabilities {acceptInsecureCerts: false, browserName: MicrosoftEdge, browserVersion: 136.0.3240.92, fedcm:accounts: true, ms:edgeOptions: {debuggerAddress: localhost:57603}, msedge: {msedgedriverVersion: 136.0.3240.104 (6a705373902..., userDataDir: C:\Users\MRSha\AppData\Loca...}, networkConnectionEnabled: false, pageLoadStrategy: normal, platformName: windows, proxy: Proxy(), se:cdp: ws://localhost:57603/devtoo..., se:cdpVersion: 136.0.3240.92, setWindowRect: true, strictFileInteractability: false, timeouts: {implicit: 0, pageLoad: 300000, script: 30000}, unhandledPromptBehavior: dismiss and notify, webauthn:extension:credBlob: true, webauthn:extension:largeBlob: true, webauthn:extension:minPinLength: true, webauthn:extension:prf: true, webauthn:virtualAuthenticators: true}
Session ID: 3dcc1065564d656e6b53ebf572b32e74
at java.base/jdk.internal.reflect.DirectConstructorHandleAccessor.newInstance(DirectConstructorHandleAccessor.java:62)
at java.base/java.lang.reflect.Constructor.newInstanceWithCaller(Constructor.java:502)
at java.base/java.lang.reflect.Constructor.newInstance(Constructor.java:486)
at org.openqa.selenium.remote.ErrorCodec.decode(ErrorCodec.java:167)
at org.openqa.selenium.remote.codec.w3c.W3CHttpResponseCodec.decode(W3CHttpResponseCodec.java:138)
at org.openqa.selenium.remote.codec.w3c.W3CHttpResponseCodec.decode(W3CHttpResponseCodec.java:50)
at org.openqa.selenium.remote.HttpCommandExecutor.execute(HttpCommandExecutor.java:215)
at org.openqa.selenium.remote.service.DriverCommandExecutor.invokeExecute(DriverCommandExecutor.java:216)
at org.openqa.selenium.remote.service.DriverCommandExecutor.execute(DriverCommandExecutor.java:174)
at org.openqa.selenium.remote.RemoteWebDriver.execute(RemoteWebDriver.java:545)
at org.openqa.selenium.remote.ElementLocation$ElementFinder$2.findElement(ElementLocation.java:165)
at org.openqa.selenium.remote.ElementLocation.findElement(ElementLocation.java:59)
at org.openqa.selenium.remote.RemoteWebDriver.findElement(RemoteWebDriver.java:368)
at org.openqa.selenium.remote.RemoteWebDriver.findElement(RemoteWebDriver.java:362)
at org.openqa.selenium.support.pagefactory.DefaultElementLocator.findElement(DefaultElementLocator.java:68)
at org.openqa.selenium.support.pagefactory.internal.LocatingElementHandler.invoke(LocatingElementHandler.java:38)
at jdk.proxy2/jdk.proxy2.$Proxy12.getText(Unknown Source)
at com.selenium.practice.test.meta.BaseCode.deleteAccountAction(BaseCode.java:553)
at com.selenium.practice.test.start_to_end.StartToEnd.tryingToOrderWithoutRegisteringTestCase(StartToEnd.java:64)
at java.base/jdk.internal.reflect.DirectMethodHandleAccessor.invoke(DirectMethodHandleAccessor.java:103)
at java.base/java.lang.reflect.Method.invoke(Method.java:580)
at org.testng.internal.invokers.MethodInvocationHelper.invokeMethod(MethodInvocationHelper.java:141)
at org.testng.internal.invokers.TestInvoker.invokeMethod(TestInvoker.java:686)
at org.testng.internal.invokers.TestInvoker.invokeTestMethod(TestInvoker.java:230)
at org.testng.internal.invokers.MethodRunner.runInSequence(MethodRunner.java:63)
at org.testng.internal.invokers.TestInvoker$MethodInvocationAgent.invoke(TestInvoker.java:992)
at org.testng.internal.invokers.TestInvoker.invokeTestMethods(TestInvoker.java:203)
at org.testng.internal.invokers.TestMethodWorker.invokeTestMethods(TestMethodWorker.java:154)
at org.testng.internal.invokers.TestMethodWorker.run(TestMethodWorker.java:134)
at java.base/java.util.concurrent.Executors$RunnableAdapter.call(Executors.java:572)
at java.base/java.util.concurrent.FutureTask.run(FutureTask.java:317)
at org.testng.internal.thread.graph.TestNGFutureTask.run(TestNGFutureTask.java:22)
at java.base/java.util.concurrent.ThreadPoolExecutor.runWorker(ThreadPoolExecutor.java:1144)
at java.base/java.util.concurrent.ThreadPoolExecutor$Worker.run(ThreadPoolExecutor.java:642)
at java.base/java.lang.Thread.run(Thread.java:1583)
]]>
            </full-stacktrace>
          </exception> <!-- org.openqa.selenium.NoSuchElementException -->
          <reporter-output>
          </reporter-output>
        </test-method> <!-- tryingToOrderWithoutRegisteringTestCase -->
        <test-method is-config="true" signature="browserKiller()[pri:0, instance:com.selenium.practice.test.start_to_end.StartToEnd@23e84203]" started-at="2025-05-30T16:00:23 IST" name="browserKiller" finished-at="2025-05-30T16:00:25 IST" duration-ms="1499" status="PASS">
          <reporter-output>
          </reporter-output>
        </test-method> <!-- browserKiller -->
      </class> <!-- com.selenium.practice.test.start_to_end.StartToEnd -->
    </test> <!-- Test -->
  </suite> <!-- Suite -->
</testng-results>
